<?xml version="1.0" encoding="UTF-8"?>
<!-- Generated by org.testng.reporters.JUnitXMLReporter -->
<testsuite hostname="TCMX-YZLM-EO" ignored="5" name="Automation-Tests" tests="10" failures="0" timestamp="2022-06-30T20:04:05 TRT" time="241.494" errors="0">
  <testcase name="addressAssertSite" time="21.478" classname="tests.MainTests"/>
  <testcase name="productReturnTestSite" time="40.898" classname="tests.MainTests"/>
  <testcase name="commentToProductSite" time="13.88" classname="tests.MainTests"/>
  <testcase name="purchaseNumberOrderSite" time="51.035" classname="tests.MainTests"/>
  <testcase name="orderAddBasketSite" time="84.486" classname="tests.MainTests"/>
  <testcase name="orderDateSite" time="7.141" classname="tests.MainTests"/>
  <testcase name="sortToAlphabeticallyAtoZSite" time="2.565" classname="tests.MainTests"/>
  <testcase name="sortToAlphabeticallyZtoASite" time="1.889" classname="tests.MainTests"/>
  <testcase name="sortByPriceUpSite" time="1.845" classname="tests.MainTests"/>
  <testcase name="productAmountSite" time="13.566" classname="tests.MainTests"/>
  <testcase name="birthdayTestSite" time="0.0" classname="tests.MainTests">
    <ignored/>
  </testcase> <!-- birthdayTestSite -->
  <testcase name="logoutSite" time="0.0" classname="tests.MainTests">
    <ignored/>
  </testcase> <!-- logoutSite -->
  <testcase name="loginWithPopUpSite" time="0.0" classname="tests.MainTests">
    <ignored/>
  </testcase> <!-- loginWithPopUpSite -->
  <testcase name="navigateSite" time="0.0" classname="tests.MainTests">
    <ignored/>
  </testcase> <!-- navigateSite -->
  <testcase name="loginSite" time="0.0" classname="tests.MainTests">
    <ignored/>
  </testcase> <!-- loginSite -->
</testsuite> <!-- Automation-Tests -->
