<?xml version="1.0" encoding="UTF-8"?>
<!-- Generated by org.testng.reporters.JUnitXMLReporter -->
<testsuite hostname="TCMX-YZLM-EO" ignored="4" name="Automation-Tests" tests="10" failures="0" timestamp="2022-06-29T11:43:49 TRT" time="180.869" errors="0">
  <testcase name="addressAssertSite" time="14.62" classname="tests.MainTests"/>
  <testcase name="birthdayTestSite" time="7.349" classname="tests.MainTests"/>
  <testcase name="commentToProductSite" time="12.188" classname="tests.MainTests"/>
  <testcase name="purchaseNumberOrderSite" time="45.142" classname="tests.MainTests"/>
  <testcase name="orderAddBasketSite" time="76.392" classname="tests.MainTests"/>
  <testcase name="orderDateSite" time="4.623" classname="tests.MainTests"/>
  <testcase name="sortToAlphabeticallyAtoZSite" time="2.351" classname="tests.MainTests"/>
  <testcase name="sortToAlphabeticallyZtoASite" time="1.917" classname="tests.MainTests"/>
  <testcase name="sortByPriceUpSite" time="1.393" classname="tests.MainTests"/>
  <testcase name="productAmountSite" time="12.164" classname="tests.MainTests"/>
  <testcase name="logoutSite" time="0.0" classname="tests.MainTests">
    <ignored/>
  </testcase> <!-- logoutSite -->
  <testcase name="loginWithPopUpSite" time="0.0" classname="tests.MainTests">
    <ignored/>
  </testcase> <!-- loginWithPopUpSite -->
  <testcase name="navigateSite" time="0.0" classname="tests.MainTests">
    <ignored/>
  </testcase> <!-- navigateSite -->
  <testcase name="loginSite" time="0.0" classname="tests.MainTests">
    <ignored/>
  </testcase> <!-- loginSite -->
</testsuite> <!-- Automation-Tests -->
