<?xml version="1.0" encoding="UTF-8"?>
<testsuite xmlns:xsi="http://www.w3.org/2001/XMLSchema-instance" xsi:noNamespaceSchemaLocation="https://maven.apache.org/surefire/maven-surefire-plugin/xsd/surefire-test-report.xsd" name="TestSuite" time="181.843" tests="10" errors="0" skipped="0" failures="0">
  <properties>
[...]
</properties>
  <testcase name="addressAssertSite" classname="tests.MainTests" time="14.621"/>
  <testcase name="birthdayTestSite" classname="tests.MainTests" time="7.348"/>
  <testcase name="commentToProductSite" classname="tests.MainTests" time="12.187"/>
  <testcase name="purchaseNumberOrderSite" classname="tests.MainTests" time="45.142"/>
  <testcase name="orderAddBasketSite" classname="tests.MainTests" time="76.393"/>
  <testcase name="orderDateSite" classname="tests.MainTests" time="4.622"/>
  <testcase name="sortToAlphabeticallyAtoZSite" classname="tests.MainTests" time="2.352"/>
  <testcase name="sortToAlphabeticallyZtoASite" classname="tests.MainTests" time="1.918"/>
  <testcase name="sortByPriceUpSite" classname="tests.MainTests" time="1.393"/>
  <testcase name="productAmountSite" classname="tests.MainTests" time="12.165"/>
</testsuite>